<?xml version="1.0" encoding="UTF-8"?>
<testng-results ignored="0" total="1" passed="0" failed="1" skipped="0">
  <reporter-output>
  </reporter-output>
  <suite started-at="2021-12-23T20:35:39 PKT" name="Default suite" finished-at="2021-12-23T20:35:56 PKT" duration-ms="16187">
    <groups>
    </groups>
    <test started-at="2021-12-23T20:35:39 PKT" name="Default test" finished-at="2021-12-23T20:35:56 PKT" duration-ms="16187">
      <class name="reviewOnWalletHubTestcase">
        <test-method is-config="true" signature="Setup()[pri:0, instance:reviewOnWalletHubTestcase@4f2b503c]" started-at="2021-12-23T20:35:39 PKT" name="Setup" finished-at="2021-12-23T20:35:48 PKT" duration-ms="8664" status="PASS">
          <reporter-output>
          </reporter-output>
        </test-method> <!-- Setup -->
        <test-method signature="reviewOnWallet(java.lang.reflect.Method)[pri:1, instance:reviewOnWalletHubTestcase@4f2b503c]" started-at="2021-12-23T20:35:48 PKT" name="reviewOnWallet" description="Verify that User can add a review on wallet page" finished-at="2021-12-23T20:35:56 PKT" duration-ms="7404" status="FAIL">
          <params>
            <param index="0">
              <value>
                <![CDATA[public void reviewOnWalletHubTestcase.reviewOnWallet(java.lang.reflect.Method) throws java.lang.InterruptedException]]>
              </value>
            </param>
          </params>
          <exception class="org.openqa.selenium.support.ui.UnexpectedTagNameException">
            <message>
              <![CDATA[Element should have been "select" but was "span"
Build info: version: '4.0.0', revision: '3a21814679'
System info: host: 'Aksams-MacBook-Pro.local', ip: '192.168.100.11', os.name: 'Mac OS X', os.arch: 'x86_64', os.version: '10.15.6', java.version: '11.0.12'
Driver info: driver.version: unknown]]>
            </message>
            <full-stacktrace>
              <![CDATA[org.openqa.selenium.support.ui.UnexpectedTagNameException: Element should have been "select" but was "span"
Build info: version: '4.0.0', revision: '3a21814679'
System info: host: 'Aksams-MacBook-Pro.local', ip: '192.168.100.11', os.name: 'Mac OS X', os.arch: 'x86_64', os.version: '10.15.6', java.version: '11.0.12'
Driver info: driver.version: unknown
at org.openqa.selenium.support.ui.Select.<init>(Select.java:49)
at WalletHubReviewPage.ReviewOnWalletHub(WalletHubReviewPage.java:48)
at reviewOnWalletHubTestcase.reviewOnWallet(reviewOnWalletHubTestcase.java:12)
at java.base/jdk.internal.reflect.NativeMethodAccessorImpl.invoke0(Native Method)
at java.base/jdk.internal.reflect.NativeMethodAccessorImpl.invoke(NativeMethodAccessorImpl.java:62)
at java.base/jdk.internal.reflect.DelegatingMethodAccessorImpl.invoke(DelegatingMethodAccessorImpl.java:43)
at java.base/java.lang.reflect.Method.invoke(Method.java:566)
at org.testng.internal.MethodInvocationHelper.invokeMethod(MethodInvocationHelper.java:133)
at org.testng.internal.TestInvoker.invokeMethod(TestInvoker.java:598)
at org.testng.internal.TestInvoker.invokeTestMethod(TestInvoker.java:173)
at org.testng.internal.MethodRunner.runInSequence(MethodRunner.java:46)
at org.testng.internal.TestInvoker$MethodInvocationAgent.invoke(TestInvoker.java:824)
at org.testng.internal.TestInvoker.invokeTestMethods(TestInvoker.java:146)
at org.testng.internal.TestMethodWorker.invokeTestMethods(TestMethodWorker.java:146)
at org.testng.internal.TestMethodWorker.run(TestMethodWorker.java:128)
at java.base/java.util.ArrayList.forEach(ArrayList.java:1541)
at org.testng.TestRunner.privateRun(TestRunner.java:794)
at org.testng.TestRunner.run(TestRunner.java:596)
at org.testng.SuiteRunner.runTest(SuiteRunner.java:377)
at org.testng.SuiteRunner.runSequentially(SuiteRunner.java:371)
at org.testng.SuiteRunner.privateRun(SuiteRunner.java:332)
at org.testng.SuiteRunner.run(SuiteRunner.java:276)
at org.testng.SuiteRunnerWorker.runSuite(SuiteRunnerWorker.java:53)
at org.testng.SuiteRunnerWorker.run(SuiteRunnerWorker.java:96)
at org.testng.TestNG.runSuitesSequentially(TestNG.java:1212)
at org.testng.TestNG.runSuitesLocally(TestNG.java:1134)
at org.testng.TestNG.runSuites(TestNG.java:1063)
at org.testng.TestNG.run(TestNG.java:1031)
at org.testng.remote.AbstractRemoteTestNG.run(AbstractRemoteTestNG.java:115)
at org.testng.remote.RemoteTestNG.initAndRun(RemoteTestNG.java:251)
at org.testng.remote.RemoteTestNG.main(RemoteTestNG.java:77)
]]>
            </full-stacktrace>
          </exception> <!-- org.openqa.selenium.support.ui.UnexpectedTagNameException -->
          <reporter-output>
          </reporter-output>
        </test-method> <!-- reviewOnWallet -->
        <test-method is-config="true" signature="broweserClosure()[pri:0, instance:reviewOnWalletHubTestcase@4f2b503c]" started-at="2021-12-23T20:35:56 PKT" name="broweserClosure" finished-at="2021-12-23T20:35:56 PKT" duration-ms="92" status="PASS">
          <reporter-output>
          </reporter-output>
        </test-method> <!-- broweserClosure -->
      </class> <!-- reviewOnWalletHubTestcase -->
    </test> <!-- Default test -->
  </suite> <!-- Default suite -->
</testng-results>
